mode: set
bitcask/bitcask_helpers.go:16.65,18.18 2 1
bitcask/bitcask_helpers.go:26.2,36.50 2 1
bitcask/bitcask_helpers.go:39.2,39.11 1 1
bitcask/bitcask_helpers.go:18.18,20.3 1 1
bitcask/bitcask_helpers.go:20.8,25.3 1 1
bitcask/bitcask_helpers.go:36.50,38.3 1 1
bitcask/bitcask_helpers.go:42.67,48.21 5 1
bitcask/bitcask_helpers.go:61.2,61.11 1 1
bitcask/bitcask_helpers.go:48.21,50.26 2 1
bitcask/bitcask_helpers.go:50.26,59.4 3 1
bitcask/bitcask_helpers.go:64.30,68.2 2 1
bitcask/bitcask_helpers.go:70.37,73.69 2 1
bitcask/bitcask_helpers.go:76.2,76.13 1 1
bitcask/bitcask_helpers.go:73.69,75.3 1 1
bitcask/bitcask_helpers.go:79.32,81.40 1 1
bitcask/bitcask_helpers.go:81.40,84.3 2 1
bitcask/bitcask_helpers.go:87.51,88.45 1 1
bitcask/bitcask_helpers.go:91.2,91.12 1 1
bitcask/bitcask_helpers.go:88.45,90.3 1 1
bitcask/bitcask_helpers.go:94.71,103.2 8 1
bitcask/bitcask_helpers.go:105.36,111.34 5 1
bitcask/bitcask_helpers.go:115.2,115.20 1 1
bitcask/bitcask_helpers.go:111.34,114.3 2 1
bitcask/bitcask_helpers.go:118.67,122.41 3 1
bitcask/bitcask_helpers.go:125.2,129.27 5 1
bitcask/bitcask_helpers.go:122.41,124.3 1 1
bitcask/bitcask_helpers.go:132.65,142.2 9 1
bitcask/bitcask_helpers.go:144.73,154.2 3 1
bitcask/bitcask_helpers.go:156.39,162.34 6 1
bitcask/bitcask_helpers.go:162.34,163.36 1 1
bitcask/bitcask_helpers.go:163.36,174.4 4 1
bitcask/bitcask_helpers.go:178.29,181.16 3 1
bitcask/bitcask_helpers.go:184.2,185.59 2 1
bitcask/bitcask_helpers.go:181.16,183.3 1 1
bitcask/bitcask_helpers.go:188.31,192.18 4 1
bitcask/bitcask_helpers.go:192.18,194.3 1 1
bitcask/bitcask_helpers.go:194.8,196.3 1 1
bitcask/bitcask_helpers.go:199.35,201.61 2 1
bitcask/bitcask_helpers.go:204.2,204.13 1 1
bitcask/bitcask_helpers.go:201.61,203.3 1 1
bitcask/bitcask.go:61.69,63.72 2 1
bitcask/bitcask.go:70.2,70.64 1 1
bitcask/bitcask.go:79.2,79.24 1 1
bitcask/bitcask.go:82.2,83.16 2 1
bitcask/bitcask.go:63.72,64.27 1 1
bitcask/bitcask.go:64.27,66.4 1 1
bitcask/bitcask.go:67.8,69.3 1 1
bitcask/bitcask.go:70.64,71.73 1 1
bitcask/bitcask.go:71.73,75.4 3 1
bitcask/bitcask.go:75.9,77.4 1 1
bitcask/bitcask.go:79.24,81.3 1 1
bitcask/bitcask.go:86.52,88.12 2 1
bitcask/bitcask.go:91.2,91.19 1 1
bitcask/bitcask.go:98.2,98.35 1 1
bitcask/bitcask.go:88.12,90.3 1 1
bitcask/bitcask.go:91.19,93.25 2 1
bitcask/bitcask.go:96.3,96.20 1 1
bitcask/bitcask.go:93.25,95.4 1 1
bitcask/bitcask.go:101.47,102.52 1 1
bitcask/bitcask.go:105.2,105.41 1 1
bitcask/bitcask.go:108.2,120.27 3 1
bitcask/bitcask.go:123.2,123.12 1 1
bitcask/bitcask.go:102.52,104.3 1 1
bitcask/bitcask.go:105.41,107.3 1 1
bitcask/bitcask.go:120.27,122.3 1 1
bitcask/bitcask.go:126.45,128.2 1 1
bitcask/bitcask.go:130.40,132.29 2 1
bitcask/bitcask.go:135.2,136.13 2 1
bitcask/bitcask.go:132.29,134.3 1 1
bitcask/bitcask.go:139.78,140.29 1 1
bitcask/bitcask.go:144.2,144.12 1 1
bitcask/bitcask.go:140.29,143.3 2 1
bitcask/bitcask.go:147.34,148.52 1 1
bitcask/bitcask.go:151.2,154.32 4 1
bitcask/bitcask.go:160.2,161.12 2 1
bitcask/bitcask.go:148.52,150.3 1 1
bitcask/bitcask.go:154.32,155.86 1 1
bitcask/bitcask.go:155.86,158.4 2 1
bitcask/bitcask.go:164.33,165.52 1 1
bitcask/bitcask.go:168.2,173.37 6 1
bitcask/bitcask.go:197.2,199.12 3 1
bitcask/bitcask.go:165.52,167.3 1 1
bitcask/bitcask.go:173.37,174.29 1 1
bitcask/bitcask.go:174.29,176.4 1 1
bitcask/bitcask.go:176.9,177.77 1 1
bitcask/bitcask.go:185.4,194.19 4 1
bitcask/bitcask.go:177.77,184.5 6 1
bitcask/bitcask.go:202.28,203.52 1 1
bitcask/bitcask.go:203.52,211.3 7 1
bitcask/bitcask.go:211.8,213.3 1 1
